\BOOKMARK [0][]{chapter*.1}{Abstract}{}
\BOOKMARK [0][]{chapter*.2}{Preface}{}
\BOOKMARK [0][]{chapter.1}{1 Introduction}{}
\BOOKMARK [1][]{section.1.1}{1.1 Thesis Statement}{chapter.1}
\BOOKMARK [1][]{section.1.2}{1.2 Approach}{chapter.1}
\BOOKMARK [1][]{section.1.3}{1.3 Outline of Chapters}{chapter.1}
\BOOKMARK [0][]{chapter.2}{2 Requirements Specification}{}
\BOOKMARK [0][]{chapter.3}{3 General Analysis and Design}{}
\BOOKMARK [1][]{section.3.1}{3.1 Context}{chapter.3}
\BOOKMARK [1][]{section.3.2}{3.2 Analysis and design discussion}{chapter.3}
\BOOKMARK [1][]{section.3.3}{3.3 Chosen design}{chapter.3}
\BOOKMARK [0][]{chapter.4}{4 FSServer}{}
\BOOKMARK [1][]{section.4.1}{4.1 Requirements Specification}{chapter.4}
\BOOKMARK [1][]{section.4.2}{4.2 Analysis and design}{chapter.4}
\BOOKMARK [1][]{section.4.3}{4.3 Implementation}{chapter.4}
\BOOKMARK [0][]{chapter.5}{5 FSGui}{}
\BOOKMARK [1][]{section.5.1}{5.1 Requirements Specification}{chapter.5}
\BOOKMARK [1][]{section.5.2}{5.2 Analysis and design}{chapter.5}
\BOOKMARK [1][]{section.5.3}{5.3 Implementation}{chapter.5}
\BOOKMARK [0][]{chapter.6}{6 FSClient}{}
\BOOKMARK [1][]{section.6.1}{6.1 Requirements Specification}{chapter.6}
\BOOKMARK [0][]{chapter.7}{7 Upload File Script - an example of a user script}{}
\BOOKMARK [1][]{section.7.1}{7.1 Analysis and Design}{chapter.7}
\BOOKMARK [1][]{section.7.2}{7.2 Implementation}{chapter.7}
\BOOKMARK [0][]{chapter.8}{8 Tests and Results}{}
\BOOKMARK [1][]{section.8.1}{8.1 Test Stragedy}{chapter.8}
\BOOKMARK [1][]{section.8.2}{8.2 Test Setup}{chapter.8}
\BOOKMARK [1][]{section.8.3}{8.3 List of Test Cases}{chapter.8}
\BOOKMARK [1][]{section.8.4}{8.4 Test summary}{chapter.8}
\BOOKMARK [0][]{chapter.9}{9 Conclusion}{}
\BOOKMARK [1][]{section.9.1}{9.1 Achievements}{chapter.9}
\BOOKMARK [1][]{section.9.2}{9.2 Further work}{chapter.9}
\BOOKMARK [1][]{section.9.3}{9.3 Conclusion}{chapter.9}
\BOOKMARK [0][]{appendix.A}{A User Guide}{}
\BOOKMARK [1][]{section.A.1}{A.1 FSServer}{appendix.A}
\BOOKMARK [1][]{section.A.2}{A.2 FSClient}{appendix.A}
\BOOKMARK [1][]{section.A.3}{A.3 FSClient}{appendix.A}
\BOOKMARK [1][]{section.A.4}{A.4 Upload script}{appendix.A}
\BOOKMARK [0][]{appendix.B}{B Failsafe Commands}{}
\BOOKMARK [0][]{appendix.C}{C Test Cases}{}
\BOOKMARK [0][]{appendix.D}{D Source Code}{}
\BOOKMARK [1][]{section.D.1}{D.1 FSServer}{appendix.D}
\BOOKMARK [1][]{section.D.2}{D.2 FSClient}{appendix.D}
\BOOKMARK [1][]{section.D.3}{D.3 FSGui}{appendix.D}
