Unknown command

Usage
-----
  fsterm2 <command> [args]

  For help use:
               fsterm2 help [command]

Unknown command

Usage
-----
  fsterm2 <command> [args]

  For help use:
               fsterm2 help [command]

Unknown command

Usage
-----
  fsterm2 <command> [args]

  For help use:
               fsterm2 help [command]

Unknown command

Usage
-----
  fsterm2 <command> [args]

  For help use:
               fsterm2 help [command]

Unknown command

Usage
-----
  fsterm2 <command> [args]

  For help use:
               fsterm2 help [command]

Unknown command execute

Usage
-----
  fsterm2 <command> [args]

  For help use:
               fsterm2 help [command]

Unknown command: execute - undefined method `errors' for #<Execute:0xb74efce8>

Usage
-----
  fsterm2 <command> [args]

  For help use:
               fsterm2 help [command]

Not enough arguments

Usage
-----
  fsterm2 <command> [args]

  For help use:
               fsterm2 help [command]

Not enough arguments

Usage
-----
  fsterm2 <command> [args]

  For help use:
               fsterm2 help [command]

Not enough arguments wrong number of arguments (1 for 0)

Usage
-----
  fsterm2 <command> [args]

  For help use:
               fsterm2 help [command]

Unknown command: execute

Usage
-----
  fsterm2 <command> [args]

  For help use:
               fsterm2 help [command]

Unknown command: execute

Usage
-----
  fsterm2 <command> [args]

  For help use:
               fsterm2 help [command]

Unknown command: execute undefined method `errors' for #<Execute:0xb76aaab0>

Usage
-----
  fsterm2 <command> [args]

  For help use:
               fsterm2 help [command]

addr is required and must be an integer
[MOCK 2]: execute 123
addr is required and must be an integer
[MOCK 2]: execute 124
addr is required and must be an integer
[MOCK 2]: execute 123
